0 info it worked if it ends with ok
1 verbose cli [ '/Users/andrewarmenante/.nvm/v0.10.32/bin/node',
1 verbose cli   '/Users/andrewarmenante/.nvm/v0.10.32/bin/npm',
1 verbose cli   'install',
1 verbose cli   '-g',
1 verbose cli   'typscript' ]
2 info using npm@1.4.28
3 info using node@v0.10.32
4 verbose cache add [ 'typscript', null ]
5 verbose cache add name=undefined spec="typscript" args=["typscript",null]
6 verbose parsed url { protocol: null,
6 verbose parsed url   slashes: null,
6 verbose parsed url   auth: null,
6 verbose parsed url   host: null,
6 verbose parsed url   port: null,
6 verbose parsed url   hostname: null,
6 verbose parsed url   hash: null,
6 verbose parsed url   search: null,
6 verbose parsed url   query: null,
6 verbose parsed url   pathname: 'typscript',
6 verbose parsed url   path: 'typscript',
6 verbose parsed url   href: 'typscript' }
7 silly lockFile cacb521a-typscript typscript
8 verbose lock typscript /Users/andrewarmenante/.npm/cacb521a-typscript.lock
9 silly lockFile cacb521a-typscript typscript
10 silly lockFile cacb521a-typscript typscript
11 verbose addNamed [ 'typscript', '' ]
12 verbose addNamed [ null, '*' ]
13 silly lockFile 04825144-typscript typscript@
14 verbose lock typscript@ /Users/andrewarmenante/.npm/04825144-typscript.lock
15 silly addNameRange { name: 'typscript', range: '*', hasData: false }
16 verbose request where is /typscript
17 verbose request registry https://registry.npmjs.org/
18 verbose request id 7dd11af101036c00
19 verbose url raw /typscript
20 verbose url resolving [ 'https://registry.npmjs.org/', './typscript' ]
21 verbose url resolved https://registry.npmjs.org/typscript
22 verbose request where is https://registry.npmjs.org/typscript
23 info trying registry request attempt 1 at 08:26:30
24 http GET https://registry.npmjs.org/typscript
25 http 404 https://registry.npmjs.org/typscript
26 silly registry.get cb [ 404,
26 silly registry.get   { 'content-type': 'application/json',
26 silly registry.get     'cache-control': 'max-age=0',
26 silly registry.get     'content-length': '2',
26 silly registry.get     'accept-ranges': 'bytes',
26 silly registry.get     date: 'Tue, 01 Sep 2015 15:26:30 GMT',
26 silly registry.get     via: '1.1 varnish',
26 silly registry.get     age: '0',
26 silly registry.get     connection: 'keep-alive',
26 silly registry.get     'x-served-by': 'cache-sjc3128-SJC',
26 silly registry.get     'x-cache': 'MISS',
26 silly registry.get     'x-cache-hits': '0',
26 silly registry.get     'x-timer': 'S1441121190.290128,VS0,VE46' } ]
27 silly lockFile 04825144-typscript typscript@
28 silly lockFile 04825144-typscript typscript@
29 error 404 Not Found
29 error 404
29 error 404 'typscript' is not in the npm registry.
29 error 404 You should bug the author to publish it
29 error 404
29 error 404 Note that you can also install from a
29 error 404 tarball, folder, or http url, or git url.
30 error System Darwin 14.3.0
31 error command "/Users/andrewarmenante/.nvm/v0.10.32/bin/node" "/Users/andrewarmenante/.nvm/v0.10.32/bin/npm" "install" "-g" "typscript"
32 error cwd /Users/andrewarmenante/Desktop/dreadnoughtJS
33 error node -v v0.10.32
34 error npm -v 1.4.28
35 error code E404
36 verbose exit [ 1, true ]
